::1 - - [01/Jul/2025:03:13:21 +0000] "GET / HTTP/1.1" 304 - "-" "Mozilla/5.0 (Windows NT 10.0; Win64; x64) AppleWebKit/537.36 (KHTML, like Gecko) Chrome/138.0.0.0 Safari/537.36"
::1 - - [01/Jul/2025:03:13:22 +0000] "GET /favicon.ico HTTP/1.1" 304 - "http://localhost:3000/" "Mozilla/5.0 (Windows NT 10.0; Win64; x64) AppleWebKit/537.36 (KHTML, like Gecko) Chrome/138.0.0.0 Safari/537.36"
::1 - - [01/Jul/2025:03:13:24 +0000] "GET /test HTTP/1.1" 304 - "-" "Mozilla/5.0 (Windows NT 10.0; Win64; x64) AppleWebKit/537.36 (KHTML, like Gecko) Chrome/138.0.0.0 Safari/537.36"
::1 - - [01/Jul/2025:03:13:26 +0000] "GET /favicon.ico HTTP/1.1" 304 - "http://localhost:3000/test" "Mozilla/5.0 (Windows NT 10.0; Win64; x64) AppleWebKit/537.36 (KHTML, like Gecko) Chrome/138.0.0.0 Safari/537.36"
::1 - - [01/Jul/2025:06:18:39 +0000] "GET /users/signup HTTP/1.1" 200 38 "-" "PostmanRuntime/7.44.1"
::1 - - [01/Jul/2025:06:18:56 +0000] "POST /users/signup HTTP/1.1" 201 37 "-" "PostmanRuntime/7.44.1"
::1 - - [01/Jul/2025:06:21:00 +0000] "POST /users/signup HTTP/1.1" 201 37 "-" "PostmanRuntime/7.44.1"
::1 - - [01/Jul/2025:06:21:54 +0000] "POST /users/signup HTTP/1.1" 201 37 "-" "PostmanRuntime/7.44.1"
::1 - - [01/Jul/2025:06:22:03 +0000] "POST /users/signup HTTP/1.1" 201 37 "-" "PostmanRuntime/7.44.1"
::1 - - [01/Jul/2025:06:38:56 +0000] "POST /users/signup HTTP/1.1" 201 37 "-" "PostmanRuntime/7.44.1"
::1 - - [01/Jul/2025:06:40:18 +0000] "POST /users/signup HTTP/1.1" 201 37 "-" "PostmanRuntime/7.44.1"
::1 - - [01/Jul/2025:06:42:22 +0000] "POST /users/signup HTTP/1.1" 201 37 "-" "PostmanRuntime/7.44.1"
::1 - - [01/Jul/2025:06:45:50 +0000] "POST /users/signup HTTP/1.1" 201 37 "-" "PostmanRuntime/7.44.1"
::1 - - [08/Jul/2025:06:08:11 +0000] "GET /test HTTP/1.1" 200 32 "-" "PostmanRuntime/7.44.1"
::1 - - [08/Jul/2025:06:08:25 +0000] "GET /users/signup HTTP/1.1" 201 37 "-" "PostmanRuntime/7.44.1"
::1 - - [08/Jul/2025:06:08:46 +0000] "POST /users/signup HTTP/1.1" 201 37 "-" "PostmanRuntime/7.44.1"
::1 - - [08/Jul/2025:06:48:48 +0000] "POST /users/signup HTTP/1.1" 201 37 "-" "PostmanRuntime/7.44.1"
::1 - - [08/Jul/2025:10:22:38 +0000] "POST /users/login HTTP/1.1" 201 37 "-" "PostmanRuntime/7.44.1"
::1 - - [08/Jul/2025:10:25:22 +0000] "POST /users/login HTTP/1.1" 201 37 "-" "PostmanRuntime/7.44.1"
::1 - - [08/Jul/2025:10:30:37 +0000] "POST /users/login HTTP/1.1" 500 34 "-" "PostmanRuntime/7.44.1"
::1 - - [08/Jul/2025:10:31:16 +0000] "POST /users/login HTTP/1.1" 500 34 "-" "PostmanRuntime/7.44.1"
::1 - - [08/Jul/2025:10:36:27 +0000] "POST /users/login HTTP/1.1" 404 29 "-" "PostmanRuntime/7.44.1"
::1 - - [08/Jul/2025:10:36:39 +0000] "POST /users/login HTTP/1.1" 500 34 "-" "PostmanRuntime/7.44.1"
::1 - - [08/Jul/2025:10:37:32 +0000] "POST /users/login HTTP/1.1" 500 34 "-" "PostmanRuntime/7.44.1"
::1 - - [08/Jul/2025:10:39:01 +0000] "POST /users/login HTTP/1.1" 500 34 "-" "PostmanRuntime/7.44.1"
::1 - - [08/Jul/2025:10:44:47 +0000] "POST /users/login HTTP/1.1" 200 29 "-" "PostmanRuntime/7.44.1"
::1 - - [08/Jul/2025:10:48:25 +0000] "POST /users/login HTTP/1.1" 200 29 "-" "PostmanRuntime/7.44.1"
::1 - - [08/Jul/2025:10:49:03 +0000] "POST /users/login HTTP/1.1" 200 29 "-" "PostmanRuntime/7.44.1"
::1 - - [08/Jul/2025:10:57:31 +0000] "POST /users/login HTTP/1.1" 200 216 "-" "PostmanRuntime/7.44.1"
